[0m19:02:18.667209 [debug] [MainThread]: Sending event: {'category': 'dbt', 'action': 'invocation', 'label': 'start', 'context': [<snowplow_tracker.self_describing_json.SelfDescribingJson object at 0x1072e14f0>, <snowplow_tracker.self_describing_json.SelfDescribingJson object at 0x1096ea150>, <snowplow_tracker.self_describing_json.SelfDescribingJson object at 0x1096e9df0>]}


============================== 19:02:18.685707 | 6e178a3b-4011-4da3-aa77-d23918ef6398 ==============================
[0m19:02:18.685707 [info ] [MainThread]: Running with dbt=1.11.8
[0m19:02:18.685977 [debug] [MainThread]: running dbt with arguments {'indirect_selection': 'eager', 'invocation_command': 'dbt init', 'warn_error': 'None', 'printer_width': '80', 'partial_parse': 'True', 'version_check': 'True', 'empty': 'None', 'write_json': 'True', 'log_cache_events': 'False', 'debug': 'False', 'cache_selected_only': 'False', 'quiet': 'False', 'no_print': 'None', 'use_colors': 'True', 'log_path': 'logs', 'static_parser': 'True', 'fail_fast': 'False', 'log_format': 'default', 'profiles_dir': '/Users/inertia/.dbt', 'target_path': 'None', 'use_experimental_parser': 'False', 'warn_error_options': 'WarnErrorOptionsV2(error=[], warn=[], silence=[])', 'introspect': 'True', 'send_anonymous_usage_stats': 'True'}
[0m19:02:18.710566 [info ] [MainThread]: Creating dbt configuration folder at /Users/inertia/.dbt
[0m19:02:57.410848 [debug] [MainThread]: Starter project path: /Users/inertia/repos/dbt-databricks-playground/.venv/lib/python3.12/site-packages/dbt/include/starter_project
[0m19:02:57.420796 [info ] [MainThread]: 
Your new dbt project "databricks_playground" was created!

For more information on how to configure the profiles.yml file,
please consult the dbt documentation here:

  https://docs.getdbt.com/docs/configure-your-profile

One more thing:

Need help? Don't hesitate to reach out to us via GitHub issues or on Slack:

  https://community.getdbt.com/

Happy modeling!

[0m19:02:57.421586 [info ] [MainThread]: Setting up your profile.
[0m19:03:01.005509 [debug] [MainThread]: Spark adapter: Setting pyhive.hive logging to ERROR
[0m19:03:01.005825 [debug] [MainThread]: Spark adapter: Setting thrift.transport logging to ERROR
[0m19:03:01.005939 [debug] [MainThread]: Spark adapter: Setting thrift.protocol logging to ERROR
[0m19:07:57.600191 [info ] [MainThread]: Profile databricks_playground written to /Users/inertia/.dbt/profiles.yml using target's profile_template.yml and your supplied values. Run 'dbt debug' to validate the connection.
[0m19:07:57.602788 [debug] [MainThread]: Resource report: {"command_name": "init", "command_success": true, "command_wall_clock_time": 338.97296, "process_in_blocks": "0", "process_kernel_time": 0.667891, "process_mem_max_rss": "321683456", "process_out_blocks": "0", "process_user_time": 3.071233}
[0m19:07:57.604656 [debug] [MainThread]: Command `dbt init` succeeded at 19:07:57.604491 after 338.98 seconds
[0m19:07:57.605226 [debug] [MainThread]: Sending event: {'category': 'dbt', 'action': 'invocation', 'label': 'end', 'context': [<snowplow_tracker.self_describing_json.SelfDescribingJson object at 0x110a8c800>, <snowplow_tracker.self_describing_json.SelfDescribingJson object at 0x1092d4c80>, <snowplow_tracker.self_describing_json.SelfDescribingJson object at 0x1072e14f0>]}
[0m19:07:57.605661 [debug] [MainThread]: Flushing usage events
[0m19:07:58.181023 [debug] [MainThread]: An error was encountered while trying to flush usage events
